<?xml version="1.0" encoding="UTF-8"?>
<!-- Generated by org.testng.reporters.JUnitXMLReporter -->
<testsuite ignored="0" hostname="DESKTOP-GKPSUJA" failures="0" tests="4" name="Default test" time="29.57" errors="0" timestamp="2023-02-10T22:20:06 IST">
  <testcase classname="test.LoginTest" name="verifyTitleOfBuild" time="0.055"/>
  <testcase classname="test.LoginTest" name="verifyTitleofPage" time="0.983"/>
  <testcase classname="test.LoginTest" name="verifyCurrentUrlofPage" time="0.03"/>
  <testcase classname="test.LoginTest" name="verifyLoginWithCorrectCredentials" time="3.778"/>
</testsuite> <!-- Default test -->
