<?xml version="1.0" encoding="UTF-8"?>
<!-- Generated by org.testng.reporters.JUnitXMLReporter -->
<testsuite ignored="2" hostname="DESKTOP-GKPSUJA" failures="1" tests="6" name="Test" time="27.804" errors="0" timestamp="2023-02-15T18:10:02 IST">
  <testcase classname="test2.LoginTest2" name="verifyTitleOfBuild" time="0.048"/>
  <testcase classname="test2.LoginTest2" name="verifyTitleofPage" time="1.434"/>
  <testcase classname="test2.LoginTest2" name="verifyCurrentUrlofPage" time="0.051"/>
  <testcase classname="test2.LoginTest2" name="verifyLoginWithCorrectCredentials" time="4.085"/>
  <testcase classname="test2.PIMTest2" name="verifyTitleOfPIMPage" time="2.25"/>
  <testcase classname="test2.PIMTest2" name="verifyEmpSearchEmpName" time="10.433">
    <failure type="java.lang.IndexOutOfBoundsException" message="Index 0 out of bounds for length 0">
      <![CDATA[java.lang.IndexOutOfBoundsException: Index 0 out of bounds for length 0
at java.base/jdk.internal.util.Preconditions.outOfBounds(Preconditions.java:64)
at java.base/jdk.internal.util.Preconditions.outOfBoundsCheckIndex(Preconditions.java:70)
at java.base/jdk.internal.util.Preconditions.checkIndex(Preconditions.java:248)
at java.base/java.util.Objects.checkIndex(Objects.java:359)
at java.base/java.util.ArrayList.get(ArrayList.java:427)
at mainjava2.PIMPage2.getEmpListFromSearchResults(PIMPage2.java:83)
at test2.PIMTest2.verifyEmpSearchEmpName(PIMTest2.java:20)
at java.base/java.util.ArrayList.forEach(ArrayList.java:1511)
... Removed 27 stack frames]]>
    </failure>
  </testcase> <!-- verifyEmpSearchEmpName -->
  <testcase classname="test2.BaseTest2" name="@AfterSuite tearDownEnvironment" time="0.0">
    <ignored/>
  </testcase> <!-- @AfterSuite tearDownEnvironment -->
  <testcase classname="test2.BaseTest2" name="@BeforeSuite initBrowser" time="0.0">
    <ignored/>
  </testcase> <!-- @BeforeSuite initBrowser -->
</testsuite> <!-- Test -->
