<?xml version="1.0" encoding="UTF-8"?>
<!-- Generated by org.testng.reporters.JUnitXMLReporter -->
<testsuite ignored="2" hostname="DESKTOP-GKPSUJA" failures="1" tests="6" name="Test" time="28.632" errors="0" timestamp="2023-02-15T19:20:47 IST">
  <testcase classname="test.LoginTest" name="verifyTitleOfBuild" time="0.03"/>
  <testcase classname="test.LoginTest" name="verifyTitleofPage" time="1.408"/>
  <testcase classname="test.LoginTest" name="verifyCurrentUrlofPage" time="0.024"/>
  <testcase classname="test.LoginTest" name="verifyLoginWithCorrectCredentials" time="3.983"/>
  <testcase classname="test.PIMTest" name="verifyTitleOfPIMPage" time="2.912"/>
  <testcase classname="test.PIMTest" name="verifyEmpSearchEmpName" time="11.045">
    <failure type="java.lang.IndexOutOfBoundsException" message="Index 0 out of bounds for length 0">
      <![CDATA[java.lang.IndexOutOfBoundsException: Index 0 out of bounds for length 0
at java.base/jdk.internal.util.Preconditions.outOfBounds(Preconditions.java:64)
at java.base/jdk.internal.util.Preconditions.outOfBoundsCheckIndex(Preconditions.java:70)
at java.base/jdk.internal.util.Preconditions.checkIndex(Preconditions.java:248)
at java.base/java.util.Objects.checkIndex(Objects.java:359)
at java.base/java.util.ArrayList.get(ArrayList.java:427)
at mainjava.PIMPage.getEmpListFromSearchResults(PIMPage.java:84)
at test.PIMTest.verifyEmpSearchEmpName(PIMTest.java:20)
at java.base/java.util.ArrayList.forEach(ArrayList.java:1511)
... Removed 31 stack frames]]>
    </failure>
  </testcase> <!-- verifyEmpSearchEmpName -->
  <testcase classname="test.BaseTest" name="@AfterSuite tearDownEnvironment" time="0.0">
    <ignored/>
  </testcase> <!-- @AfterSuite tearDownEnvironment -->
  <testcase classname="test.BaseTest" name="@BeforeSuite initBrowser" time="0.0">
    <ignored/>
  </testcase> <!-- @BeforeSuite initBrowser -->
</testsuite> <!-- Test -->
