<?xml version="1.0" encoding="UTF-8"?>
<!-- Generated by org.testng.reporters.JUnitXMLReporter -->
<testsuite ignored="2" hostname="Dell" failures="0" tests="6" name="Test" time="13.231" errors="0" timestamp="2023-07-06T19:08:01 IST">
  <testcase classname="test.LoginTest" name="verifyTitleOfBuild" time="0.018"/>
  <testcase classname="test.LoginTest" name="verifyTitleofPage" time="0.495"/>
  <testcase classname="test.LoginTest" name="verifyCurrentUrlofPage" time="0.017"/>
  <testcase classname="test.LoginTest" name="verifyLoginWithCorrectCredentials" time="2.976"/>
  <testcase classname="test.PIMTest" name="verifyTitleOfPIMPage" time="2.139"/>
  <testcase classname="test.PIMTest" name="verifyEmpSearchEmpName" time="1.076"/>
  <testcase classname="test.BaseTest" name="@AfterSuite tearDownEnvironment" time="0.0">
    <ignored/>
  </testcase> <!-- @AfterSuite tearDownEnvironment -->
  <testcase classname="test.BaseTest" name="@BeforeSuite initBrowser" time="0.0">
    <ignored/>
  </testcase> <!-- @BeforeSuite initBrowser -->
</testsuite> <!-- Test -->
