<?xml version="1.0" encoding="UTF-8"?>
<testng-results ignored="2" total="8" passed="5" failed="1" skipped="0">
  <reporter-output>
  </reporter-output>
  <suite started-at="2023-02-15T19:20:18 IST" name="Suite" finished-at="2023-02-15T19:20:47 IST" duration-ms="28632">
    <groups>
      <group name="Regression">
        <method signature="LoginTest.verifyTitleOfBuild()[pri:0, instance:test.LoginTest@5677323c]" name="verifyTitleOfBuild" class="test.LoginTest"/>
        <method signature="LoginTest.verifyTitleofPage()[pri:1, instance:test.LoginTest@5677323c]" name="verifyTitleofPage" class="test.LoginTest"/>
        <method signature="LoginTest.verifyCurrentUrlofPage()[pri:2, instance:test.LoginTest@5677323c]" name="verifyCurrentUrlofPage" class="test.LoginTest"/>
        <method signature="LoginTest.verifyLoginWithCorrectCredentials()[pri:3, instance:test.LoginTest@5677323c]" name="verifyLoginWithCorrectCredentials" class="test.LoginTest"/>
        <method signature="PIMTest.verifyTitleOfPIMPage()[pri:4, instance:test.PIMTest@5ab956d7]" name="verifyTitleOfPIMPage" class="test.PIMTest"/>
        <method signature="PIMTest.verifyEmpSearchEmpName()[pri:5, instance:test.PIMTest@5ab956d7]" name="verifyEmpSearchEmpName" class="test.PIMTest"/>
      </group> <!-- Regression -->
      <group name="Smoke">
        <method signature="LoginTest.verifyTitleOfBuild()[pri:0, instance:test.LoginTest@5677323c]" name="verifyTitleOfBuild" class="test.LoginTest"/>
        <method signature="LoginTest.verifyTitleofPage()[pri:1, instance:test.LoginTest@5677323c]" name="verifyTitleofPage" class="test.LoginTest"/>
        <method signature="LoginTest.verifyCurrentUrlofPage()[pri:2, instance:test.LoginTest@5677323c]" name="verifyCurrentUrlofPage" class="test.LoginTest"/>
        <method signature="LoginTest.verifyLoginWithCorrectCredentials()[pri:3, instance:test.LoginTest@5677323c]" name="verifyLoginWithCorrectCredentials" class="test.LoginTest"/>
        <method signature="PIMTest.verifyTitleOfPIMPage()[pri:4, instance:test.PIMTest@5ab956d7]" name="verifyTitleOfPIMPage" class="test.PIMTest"/>
        <method signature="PIMTest.verifyEmpSearchEmpName()[pri:5, instance:test.PIMTest@5ab956d7]" name="verifyEmpSearchEmpName" class="test.PIMTest"/>
      </group> <!-- Smoke -->
    </groups>
    <test started-at="2023-02-15T19:20:18 IST" name="Test" finished-at="2023-02-15T19:20:47 IST" duration-ms="28632">
      <class name="test.PIMTest">
        <test-method is-config="true" signature="pageObjects()[pri:0, instance:test.PIMTest@5ab956d7]" started-at="2023-02-15T19:20:27 IST" name="pageObjects" finished-at="2023-02-15T19:20:27 IST" duration-ms="12" status="PASS">
          <reporter-output>
          </reporter-output>
        </test-method> <!-- pageObjects -->
        <test-method is-config="true" signature="login()[pri:0, instance:test.PIMTest@5ab956d7]" started-at="2023-02-15T19:20:27 IST" name="login" finished-at="2023-02-15T19:20:31 IST" duration-ms="4364" status="PASS">
          <reporter-output>
          </reporter-output>
        </test-method> <!-- login -->
        <test-method signature="verifyTitleOfPIMPage()[pri:4, instance:test.PIMTest@5ab956d7]" started-at="2023-02-15T19:20:31 IST" name="verifyTitleOfPIMPage" finished-at="2023-02-15T19:20:34 IST" duration-ms="2912" status="PASS">
          <reporter-output>
          </reporter-output>
        </test-method> <!-- verifyTitleOfPIMPage -->
        <test-method signature="verifyEmpSearchEmpName()[pri:5, instance:test.PIMTest@5ab956d7]" started-at="2023-02-15T19:20:34 IST" name="verifyEmpSearchEmpName" finished-at="2023-02-15T19:20:45 IST" duration-ms="11045" status="FAIL">
          <exception class="java.lang.IndexOutOfBoundsException">
            <message>
              <![CDATA[Index 0 out of bounds for length 0]]>
            </message>
            <full-stacktrace>
              <![CDATA[java.lang.IndexOutOfBoundsException: Index 0 out of bounds for length 0
at java.base/jdk.internal.util.Preconditions.outOfBounds(Preconditions.java:64)
at java.base/jdk.internal.util.Preconditions.outOfBoundsCheckIndex(Preconditions.java:70)
at java.base/jdk.internal.util.Preconditions.checkIndex(Preconditions.java:248)
at java.base/java.util.Objects.checkIndex(Objects.java:359)
at java.base/java.util.ArrayList.get(ArrayList.java:427)
at mainjava.PIMPage.getEmpListFromSearchResults(PIMPage.java:84)
at test.PIMTest.verifyEmpSearchEmpName(PIMTest.java:20)
at java.base/jdk.internal.reflect.NativeMethodAccessorImpl.invoke0(Native Method)
at java.base/jdk.internal.reflect.NativeMethodAccessorImpl.invoke(NativeMethodAccessorImpl.java:64)
at java.base/jdk.internal.reflect.DelegatingMethodAccessorImpl.invoke(DelegatingMethodAccessorImpl.java:43)
at java.base/java.lang.reflect.Method.invoke(Method.java:564)
at org.testng.internal.invokers.MethodInvocationHelper.invokeMethod(MethodInvocationHelper.java:139)
at org.testng.internal.invokers.TestInvoker.invokeMethod(TestInvoker.java:677)
at org.testng.internal.invokers.TestInvoker.invokeTestMethod(TestInvoker.java:221)
at org.testng.internal.invokers.MethodRunner.runInSequence(MethodRunner.java:50)
at org.testng.internal.invokers.TestInvoker$MethodInvocationAgent.invoke(TestInvoker.java:969)
at org.testng.internal.invokers.TestInvoker.invokeTestMethods(TestInvoker.java:194)
at org.testng.internal.invokers.TestMethodWorker.invokeTestMethods(TestMethodWorker.java:148)
at org.testng.internal.invokers.TestMethodWorker.run(TestMethodWorker.java:128)
at java.base/java.util.ArrayList.forEach(ArrayList.java:1511)
at org.testng.TestRunner.privateRun(TestRunner.java:829)
at org.testng.TestRunner.run(TestRunner.java:602)
at org.testng.SuiteRunner.runTest(SuiteRunner.java:437)
at org.testng.SuiteRunner.runSequentially(SuiteRunner.java:431)
at org.testng.SuiteRunner.privateRun(SuiteRunner.java:391)
at org.testng.SuiteRunner.run(SuiteRunner.java:330)
at org.testng.SuiteRunnerWorker.runSuite(SuiteRunnerWorker.java:52)
at org.testng.SuiteRunnerWorker.run(SuiteRunnerWorker.java:95)
at org.testng.TestNG.runSuitesSequentially(TestNG.java:1256)
at org.testng.TestNG.runSuitesLocally(TestNG.java:1176)
at org.testng.TestNG.runSuites(TestNG.java:1099)
at org.testng.TestNG.run(TestNG.java:1067)
at org.apache.maven.surefire.testng.TestNGExecutor.run(TestNGExecutor.java:324)
at org.apache.maven.surefire.testng.TestNGXmlTestSuite.execute(TestNGXmlTestSuite.java:74)
at org.apache.maven.surefire.testng.TestNGProvider.invoke(TestNGProvider.java:123)
at org.apache.maven.surefire.booter.ForkedBooter.runSuitesInProcess(ForkedBooter.java:456)
at org.apache.maven.surefire.booter.ForkedBooter.execute(ForkedBooter.java:169)
at org.apache.maven.surefire.booter.ForkedBooter.run(ForkedBooter.java:595)
at org.apache.maven.surefire.booter.ForkedBooter.main(ForkedBooter.java:581)
]]>
            </full-stacktrace>
          </exception> <!-- java.lang.IndexOutOfBoundsException -->
          <reporter-output>
          </reporter-output>
        </test-method> <!-- verifyEmpSearchEmpName -->
        <test-method is-config="true" signature="logOut()[pri:0, instance:test.PIMTest@5ab956d7]" started-at="2023-02-15T19:20:45 IST" name="logOut" finished-at="2023-02-15T19:20:47 IST" duration-ms="1590" status="PASS">
          <reporter-output>
          </reporter-output>
        </test-method> <!-- logOut -->
      </class> <!-- test.PIMTest -->
      <class name="test.LoginTest">
        <test-method is-config="true" signature="initBrowser()[pri:0, instance:test.LoginTest@5677323c]" started-at="2023-02-15T19:19:53 IST" name="initBrowser" finished-at="2023-02-15T19:20:18 IST" duration-ms="24882" status="PASS">
          <reporter-output>
          </reporter-output>
        </test-method> <!-- initBrowser -->
        <test-method is-config="true" signature="pageObjects()[pri:0, instance:test.LoginTest@5677323c]" started-at="2023-02-15T19:20:18 IST" name="pageObjects" finished-at="2023-02-15T19:20:18 IST" duration-ms="132" status="PASS">
          <reporter-output>
          </reporter-output>
        </test-method> <!-- pageObjects -->
        <test-method signature="verifyTitleOfBuild()[pri:0, instance:test.LoginTest@5677323c]" started-at="2023-02-15T19:20:18 IST" name="verifyTitleOfBuild" finished-at="2023-02-15T19:20:18 IST" duration-ms="30" status="PASS">
          <reporter-output>
          </reporter-output>
        </test-method> <!-- verifyTitleOfBuild -->
        <test-method signature="verifyTitleofPage()[pri:1, instance:test.LoginTest@5677323c]" started-at="2023-02-15T19:20:18 IST" name="verifyTitleofPage" finished-at="2023-02-15T19:20:20 IST" duration-ms="1408" status="PASS">
          <reporter-output>
          </reporter-output>
        </test-method> <!-- verifyTitleofPage -->
        <test-method signature="verifyCurrentUrlofPage()[pri:2, instance:test.LoginTest@5677323c]" started-at="2023-02-15T19:20:20 IST" name="verifyCurrentUrlofPage" finished-at="2023-02-15T19:20:20 IST" duration-ms="24" status="PASS">
          <reporter-output>
          </reporter-output>
        </test-method> <!-- verifyCurrentUrlofPage -->
        <test-method signature="verifyLoginWithCorrectCredentials()[pri:3, instance:test.LoginTest@5677323c]" started-at="2023-02-15T19:20:20 IST" name="verifyLoginWithCorrectCredentials" finished-at="2023-02-15T19:20:24 IST" duration-ms="3983" status="PASS">
          <reporter-output>
          </reporter-output>
        </test-method> <!-- verifyLoginWithCorrectCredentials -->
        <test-method is-config="true" signature="logOut()[pri:0, instance:test.LoginTest@5677323c]" started-at="2023-02-15T19:20:24 IST" name="logOut" finished-at="2023-02-15T19:20:27 IST" duration-ms="2913" status="PASS">
          <reporter-output>
          </reporter-output>
        </test-method> <!-- logOut -->
        <test-method is-config="true" signature="tearDownEnvironment()[pri:0, instance:test.LoginTest@5677323c]" started-at="2023-02-15T19:20:47 IST" name="tearDownEnvironment" finished-at="2023-02-15T19:20:48 IST" duration-ms="853" status="PASS">
          <reporter-output>
          </reporter-output>
        </test-method> <!-- tearDownEnvironment -->
      </class> <!-- test.LoginTest -->
    </test> <!-- Test -->
  </suite> <!-- Suite -->
</testng-results>
