<?xml version="1.0" encoding="UTF-8"?>
<testng-results ignored="2" total="8" passed="6" failed="0" skipped="0">
  <reporter-output>
  </reporter-output>
  <suite started-at="2023-07-06T19:07:48 IST" name="Suite" finished-at="2023-07-06T19:08:01 IST" duration-ms="13231">
    <groups>
      <group name="Regression">
        <method signature="LoginTest.verifyTitleOfBuild()[pri:0, instance:test.LoginTest@350aac89]" name="verifyTitleOfBuild" class="test.LoginTest"/>
        <method signature="LoginTest.verifyTitleofPage()[pri:1, instance:test.LoginTest@350aac89]" name="verifyTitleofPage" class="test.LoginTest"/>
        <method signature="LoginTest.verifyCurrentUrlofPage()[pri:2, instance:test.LoginTest@350aac89]" name="verifyCurrentUrlofPage" class="test.LoginTest"/>
        <method signature="LoginTest.verifyLoginWithCorrectCredentials()[pri:3, instance:test.LoginTest@350aac89]" name="verifyLoginWithCorrectCredentials" class="test.LoginTest"/>
        <method signature="PIMTest.verifyTitleOfPIMPage()[pri:4, instance:test.PIMTest@413d1baf]" name="verifyTitleOfPIMPage" class="test.PIMTest"/>
        <method signature="PIMTest.verifyEmpSearchEmpName()[pri:5, instance:test.PIMTest@413d1baf]" name="verifyEmpSearchEmpName" class="test.PIMTest"/>
      </group> <!-- Regression -->
      <group name="Smoke">
        <method signature="LoginTest.verifyTitleOfBuild()[pri:0, instance:test.LoginTest@350aac89]" name="verifyTitleOfBuild" class="test.LoginTest"/>
        <method signature="LoginTest.verifyTitleofPage()[pri:1, instance:test.LoginTest@350aac89]" name="verifyTitleofPage" class="test.LoginTest"/>
        <method signature="LoginTest.verifyCurrentUrlofPage()[pri:2, instance:test.LoginTest@350aac89]" name="verifyCurrentUrlofPage" class="test.LoginTest"/>
        <method signature="LoginTest.verifyLoginWithCorrectCredentials()[pri:3, instance:test.LoginTest@350aac89]" name="verifyLoginWithCorrectCredentials" class="test.LoginTest"/>
        <method signature="PIMTest.verifyTitleOfPIMPage()[pri:4, instance:test.PIMTest@413d1baf]" name="verifyTitleOfPIMPage" class="test.PIMTest"/>
        <method signature="PIMTest.verifyEmpSearchEmpName()[pri:5, instance:test.PIMTest@413d1baf]" name="verifyEmpSearchEmpName" class="test.PIMTest"/>
      </group> <!-- Smoke -->
    </groups>
    <test started-at="2023-07-06T19:07:48 IST" name="Test" finished-at="2023-07-06T19:08:01 IST" duration-ms="13231">
      <class name="test.PIMTest">
        <test-method is-config="true" signature="pageObjects()[pri:0, instance:test.PIMTest@413d1baf]" started-at="2023-07-06T19:07:54 IST" name="pageObjects" finished-at="2023-07-06T19:07:54 IST" duration-ms="0" status="PASS">
          <reporter-output>
          </reporter-output>
        </test-method> <!-- pageObjects -->
        <test-method is-config="true" signature="login()[pri:0, instance:test.PIMTest@413d1baf]" started-at="2023-07-06T19:07:54 IST" name="login" finished-at="2023-07-06T19:07:57 IST" duration-ms="2852" status="PASS">
          <reporter-output>
          </reporter-output>
        </test-method> <!-- login -->
        <test-method signature="verifyTitleOfPIMPage()[pri:4, instance:test.PIMTest@413d1baf]" started-at="2023-07-06T19:07:57 IST" name="verifyTitleOfPIMPage" finished-at="2023-07-06T19:07:59 IST" duration-ms="2139" status="PASS">
          <reporter-output>
          </reporter-output>
        </test-method> <!-- verifyTitleOfPIMPage -->
        <test-method signature="verifyEmpSearchEmpName()[pri:5, instance:test.PIMTest@413d1baf]" started-at="2023-07-06T19:07:59 IST" name="verifyEmpSearchEmpName" finished-at="2023-07-06T19:08:00 IST" duration-ms="1076" status="PASS">
          <reporter-output>
          </reporter-output>
        </test-method> <!-- verifyEmpSearchEmpName -->
        <test-method is-config="true" signature="logOut()[pri:0, instance:test.PIMTest@413d1baf]" started-at="2023-07-06T19:08:00 IST" name="logOut" finished-at="2023-07-06T19:08:01 IST" duration-ms="1029" status="PASS">
          <reporter-output>
          </reporter-output>
        </test-method> <!-- logOut -->
      </class> <!-- test.PIMTest -->
      <class name="test.LoginTest">
        <test-method is-config="true" signature="initBrowser()[pri:0, instance:test.LoginTest@350aac89]" started-at="2023-07-06T19:07:35 IST" name="initBrowser" finished-at="2023-07-06T19:07:48 IST" duration-ms="12669" status="PASS">
          <reporter-output>
          </reporter-output>
        </test-method> <!-- initBrowser -->
        <test-method is-config="true" signature="pageObjects()[pri:0, instance:test.LoginTest@350aac89]" started-at="2023-07-06T19:07:48 IST" name="pageObjects" finished-at="2023-07-06T19:07:48 IST" duration-ms="59" status="PASS">
          <reporter-output>
          </reporter-output>
        </test-method> <!-- pageObjects -->
        <test-method signature="verifyTitleOfBuild()[pri:0, instance:test.LoginTest@350aac89]" started-at="2023-07-06T19:07:48 IST" name="verifyTitleOfBuild" finished-at="2023-07-06T19:07:48 IST" duration-ms="18" status="PASS">
          <reporter-output>
          </reporter-output>
        </test-method> <!-- verifyTitleOfBuild -->
        <test-method signature="verifyTitleofPage()[pri:1, instance:test.LoginTest@350aac89]" started-at="2023-07-06T19:07:48 IST" name="verifyTitleofPage" finished-at="2023-07-06T19:07:49 IST" duration-ms="495" status="PASS">
          <reporter-output>
          </reporter-output>
        </test-method> <!-- verifyTitleofPage -->
        <test-method signature="verifyCurrentUrlofPage()[pri:2, instance:test.LoginTest@350aac89]" started-at="2023-07-06T19:07:49 IST" name="verifyCurrentUrlofPage" finished-at="2023-07-06T19:07:49 IST" duration-ms="17" status="PASS">
          <reporter-output>
          </reporter-output>
        </test-method> <!-- verifyCurrentUrlofPage -->
        <test-method signature="verifyLoginWithCorrectCredentials()[pri:3, instance:test.LoginTest@350aac89]" started-at="2023-07-06T19:07:49 IST" name="verifyLoginWithCorrectCredentials" finished-at="2023-07-06T19:07:52 IST" duration-ms="2976" status="PASS">
          <reporter-output>
          </reporter-output>
        </test-method> <!-- verifyLoginWithCorrectCredentials -->
        <test-method is-config="true" signature="logOut()[pri:0, instance:test.LoginTest@350aac89]" started-at="2023-07-06T19:07:52 IST" name="logOut" finished-at="2023-07-06T19:07:54 IST" duration-ms="2439" status="PASS">
          <reporter-output>
          </reporter-output>
        </test-method> <!-- logOut -->
        <test-method is-config="true" signature="tearDownEnvironment()[pri:0, instance:test.LoginTest@350aac89]" started-at="2023-07-06T19:08:01 IST" name="tearDownEnvironment" finished-at="2023-07-06T19:08:03 IST" duration-ms="1317" status="PASS">
          <reporter-output>
          </reporter-output>
        </test-method> <!-- tearDownEnvironment -->
      </class> <!-- test.LoginTest -->
    </test> <!-- Test -->
  </suite> <!-- Suite -->
</testng-results>
