<?xml version="1.0" encoding="UTF-8"?>
<testng-results ignored="0" total="2" passed="1" failed="1" skipped="0">
  <reporter-output>
  </reporter-output>
  <suite started-at="2023-02-15T19:35:30 IST" name="Default suite" finished-at="2023-02-15T19:35:38 IST" duration-ms="8827">
    <groups>
      <group name="Regression">
        <method signature="PIMTest.verifyTitleOfPIMPage()[pri:4, instance:test.PIMTest@742ff096]" name="verifyTitleOfPIMPage" class="test.PIMTest"/>
        <method signature="PIMTest.verifyEmpSearchEmpName()[pri:5, instance:test.PIMTest@742ff096]" name="verifyEmpSearchEmpName" class="test.PIMTest"/>
      </group> <!-- Regression -->
      <group name="Smoke">
        <method signature="PIMTest.verifyTitleOfPIMPage()[pri:4, instance:test.PIMTest@742ff096]" name="verifyTitleOfPIMPage" class="test.PIMTest"/>
        <method signature="PIMTest.verifyEmpSearchEmpName()[pri:5, instance:test.PIMTest@742ff096]" name="verifyEmpSearchEmpName" class="test.PIMTest"/>
      </group> <!-- Smoke -->
    </groups>
    <test started-at="2023-02-15T19:35:30 IST" name="Default test" finished-at="2023-02-15T19:35:38 IST" duration-ms="8827">
      <class name="test.PIMTest">
        <test-method is-config="true" signature="initBrowser()[pri:0, instance:test.PIMTest@742ff096]" started-at="2023-02-15T19:35:00 IST" name="initBrowser" finished-at="2023-02-15T19:35:30 IST" duration-ms="29289" status="PASS">
          <reporter-output>
          </reporter-output>
        </test-method> <!-- initBrowser -->
        <test-method is-config="true" signature="pageObjects()[pri:0, instance:test.PIMTest@742ff096]" started-at="2023-02-15T19:35:30 IST" name="pageObjects" finished-at="2023-02-15T19:35:30 IST" duration-ms="40" status="PASS">
          <reporter-output>
          </reporter-output>
        </test-method> <!-- pageObjects -->
        <test-method is-config="true" signature="login()[pri:0, instance:test.PIMTest@742ff096]" started-at="2023-02-15T19:35:30 IST" name="login" finished-at="2023-02-15T19:35:34 IST" duration-ms="4085" status="PASS">
          <reporter-output>
          </reporter-output>
        </test-method> <!-- login -->
        <test-method signature="verifyTitleOfPIMPage()[pri:4, instance:test.PIMTest@742ff096]" started-at="2023-02-15T19:35:34 IST" name="verifyTitleOfPIMPage" finished-at="2023-02-15T19:35:36 IST" duration-ms="1870" status="PASS">
          <reporter-output>
          </reporter-output>
        </test-method> <!-- verifyTitleOfPIMPage -->
        <test-method signature="verifyEmpSearchEmpName()[pri:5, instance:test.PIMTest@742ff096]" started-at="2023-02-15T19:35:36 IST" name="verifyEmpSearchEmpName" finished-at="2023-02-15T19:35:37 IST" duration-ms="1294" status="FAIL">
          <exception class="org.openqa.selenium.StaleElementReferenceException">
            <message>
              <![CDATA[stale element reference: element is not attached to the page document
  (Session info: MicrosoftEdge=110.0.1587.41)
For documentation on this error, please visit: https://selenium.dev/exceptions/#stale_element_reference
Build info: version: '4.7.2', revision: '4d4020c3b7'
System info: os.name: 'Windows 10', os.arch: 'amd64', os.version: '10.0', java.version: '15.0.1'
Driver info: org.openqa.selenium.edge.EdgeDriver
Command: [4645e4eb1661e34db0057d4f05f1ae58, getElementText {id=1c64f4b1-464a-401f-b400-3083ce89599d}]
Capabilities {acceptInsecureCerts: false, browserName: msedge, browserVersion: 110.0.1587.41, ms:edgeOptions: {debuggerAddress: localhost:52405}, msedge: {msedgedriverVersion: 110.0.1587.41 (dec2c0803210..., userDataDir: C:\Users\Lenovo\AppData\Loc...}, networkConnectionEnabled: false, pageLoadStrategy: normal, platformName: WINDOWS, proxy: Proxy(), se:cdp: ws://localhost:52405/devtoo..., se:cdpVersion: 110.0.1587.41, setWindowRect: true, strictFileInteractability: false, timeouts: {implicit: 0, pageLoad: 300000, script: 30000}, unhandledPromptBehavior: dismiss and notify, webauthn:extension:credBlob: true, webauthn:extension:largeBlob: true, webauthn:virtualAuthenticators: true}
Element: [[[[EdgeDriver: msedge on WINDOWS (4645e4eb1661e34db0057d4f05f1ae58)] -> xpath: //*[@class='orangehrm-container']]] -> xpath: //div[contains(text(),'Cassidy ')]]
Session ID: 4645e4eb1661e34db0057d4f05f1ae58]]>
            </message>
            <full-stacktrace>
              <![CDATA[org.openqa.selenium.StaleElementReferenceException: stale element reference: element is not attached to the page document
  (Session info: MicrosoftEdge=110.0.1587.41)
For documentation on this error, please visit: https://selenium.dev/exceptions/#stale_element_reference
Build info: version: '4.7.2', revision: '4d4020c3b7'
System info: os.name: 'Windows 10', os.arch: 'amd64', os.version: '10.0', java.version: '15.0.1'
Driver info: org.openqa.selenium.edge.EdgeDriver
Command: [4645e4eb1661e34db0057d4f05f1ae58, getElementText {id=1c64f4b1-464a-401f-b400-3083ce89599d}]
Capabilities {acceptInsecureCerts: false, browserName: msedge, browserVersion: 110.0.1587.41, ms:edgeOptions: {debuggerAddress: localhost:52405}, msedge: {msedgedriverVersion: 110.0.1587.41 (dec2c0803210..., userDataDir: C:\Users\Lenovo\AppData\Loc...}, networkConnectionEnabled: false, pageLoadStrategy: normal, platformName: WINDOWS, proxy: Proxy(), se:cdp: ws://localhost:52405/devtoo..., se:cdpVersion: 110.0.1587.41, setWindowRect: true, strictFileInteractability: false, timeouts: {implicit: 0, pageLoad: 300000, script: 30000}, unhandledPromptBehavior: dismiss and notify, webauthn:extension:credBlob: true, webauthn:extension:largeBlob: true, webauthn:virtualAuthenticators: true}
Element: [[[[EdgeDriver: msedge on WINDOWS (4645e4eb1661e34db0057d4f05f1ae58)] -> xpath: //*[@class='orangehrm-container']]] -> xpath: //div[contains(text(),'Cassidy ')]]
Session ID: 4645e4eb1661e34db0057d4f05f1ae58
at java.base/jdk.internal.reflect.NativeConstructorAccessorImpl.newInstance0(Native Method)
at java.base/jdk.internal.reflect.NativeConstructorAccessorImpl.newInstance(NativeConstructorAccessorImpl.java:64)
at java.base/jdk.internal.reflect.DelegatingConstructorAccessorImpl.newInstance(DelegatingConstructorAccessorImpl.java:45)
at java.base/java.lang.reflect.Constructor.newInstanceWithCaller(Constructor.java:500)
at java.base/java.lang.reflect.Constructor.newInstance(Constructor.java:481)
at org.openqa.selenium.remote.codec.w3c.W3CHttpResponseCodec.createException(W3CHttpResponseCodec.java:200)
at org.openqa.selenium.remote.codec.w3c.W3CHttpResponseCodec.decode(W3CHttpResponseCodec.java:133)
at org.openqa.selenium.remote.codec.w3c.W3CHttpResponseCodec.decode(W3CHttpResponseCodec.java:53)
at org.openqa.selenium.remote.HttpCommandExecutor.execute(HttpCommandExecutor.java:184)
at org.openqa.selenium.remote.service.DriverCommandExecutor.invokeExecute(DriverCommandExecutor.java:167)
at org.openqa.selenium.remote.service.DriverCommandExecutor.execute(DriverCommandExecutor.java:142)
at org.openqa.selenium.remote.RemoteWebDriver.execute(RemoteWebDriver.java:535)
at org.openqa.selenium.remote.RemoteWebElement.execute(RemoteWebElement.java:257)
at org.openqa.selenium.remote.RemoteWebElement.getText(RemoteWebElement.java:207)
at mainjava.PIMPage.getEmpListFromSearchResults(PIMPage.java:84)
at test.PIMTest.verifyEmpSearchEmpName(PIMTest.java:20)
at java.base/jdk.internal.reflect.NativeMethodAccessorImpl.invoke0(Native Method)
at java.base/jdk.internal.reflect.NativeMethodAccessorImpl.invoke(NativeMethodAccessorImpl.java:64)
at java.base/jdk.internal.reflect.DelegatingMethodAccessorImpl.invoke(DelegatingMethodAccessorImpl.java:43)
at java.base/java.lang.reflect.Method.invoke(Method.java:564)
at org.testng.internal.invokers.MethodInvocationHelper.invokeMethod(MethodInvocationHelper.java:139)
at org.testng.internal.invokers.TestInvoker.invokeMethod(TestInvoker.java:677)
at org.testng.internal.invokers.TestInvoker.invokeTestMethod(TestInvoker.java:221)
at org.testng.internal.invokers.MethodRunner.runInSequence(MethodRunner.java:50)
at org.testng.internal.invokers.TestInvoker$MethodInvocationAgent.invoke(TestInvoker.java:969)
at org.testng.internal.invokers.TestInvoker.invokeTestMethods(TestInvoker.java:194)
at org.testng.internal.invokers.TestMethodWorker.invokeTestMethods(TestMethodWorker.java:148)
at org.testng.internal.invokers.TestMethodWorker.run(TestMethodWorker.java:128)
at java.base/java.util.ArrayList.forEach(ArrayList.java:1511)
at org.testng.TestRunner.privateRun(TestRunner.java:829)
at org.testng.TestRunner.run(TestRunner.java:602)
at org.testng.SuiteRunner.runTest(SuiteRunner.java:437)
at org.testng.SuiteRunner.runSequentially(SuiteRunner.java:431)
at org.testng.SuiteRunner.privateRun(SuiteRunner.java:391)
at org.testng.SuiteRunner.run(SuiteRunner.java:330)
at org.testng.SuiteRunnerWorker.runSuite(SuiteRunnerWorker.java:52)
at org.testng.SuiteRunnerWorker.run(SuiteRunnerWorker.java:95)
at org.testng.TestNG.runSuitesSequentially(TestNG.java:1256)
at org.testng.TestNG.runSuitesLocally(TestNG.java:1176)
at org.testng.TestNG.runSuites(TestNG.java:1099)
at org.testng.TestNG.run(TestNG.java:1067)
at org.testng.remote.AbstractRemoteTestNG.run(AbstractRemoteTestNG.java:115)
at org.testng.remote.RemoteTestNG.initAndRun(RemoteTestNG.java:251)
at org.testng.remote.RemoteTestNG.main(RemoteTestNG.java:77)
]]>
            </full-stacktrace>
          </exception> <!-- org.openqa.selenium.StaleElementReferenceException -->
          <reporter-output>
          </reporter-output>
        </test-method> <!-- verifyEmpSearchEmpName -->
        <test-method is-config="true" signature="logOut()[pri:0, instance:test.PIMTest@742ff096]" started-at="2023-02-15T19:35:37 IST" name="logOut" finished-at="2023-02-15T19:35:38 IST" duration-ms="1444" status="PASS">
          <reporter-output>
          </reporter-output>
        </test-method> <!-- logOut -->
        <test-method is-config="true" signature="tearDownEnvironment()[pri:0, instance:test.PIMTest@742ff096]" started-at="2023-02-15T19:35:39 IST" name="tearDownEnvironment" finished-at="2023-02-15T19:35:40 IST" duration-ms="1267" status="PASS">
          <reporter-output>
          </reporter-output>
        </test-method> <!-- tearDownEnvironment -->
      </class> <!-- test.PIMTest -->
    </test> <!-- Default test -->
  </suite> <!-- Default suite -->
</testng-results>
